<?xml version="1.0" encoding="UTF-8"?>
<testsuite xmlns:xsi="http://www.w3.org/2001/XMLSchema-instance" xsi:noNamespaceSchemaLocation="https://maven.apache.org/surefire/maven-surefire-plugin/xsd/surefire-test-report.xsd" name="sys.TsOrgTest" time="23.222" tests="2" errors="0" skipped="0" failures="0">
  <properties>
[...]
</properties>
  <testcase name="testQueryOp" classname="sys.TsOrgTest" time="1.692"/>
  <testcase name="testSelectOp" classname="sys.TsOrgTest" time="0.174"/>
</testsuite>